{"/home/wesley/Documents/projetos driven/movieon-projeto-final/movieon-back/src/app.ts": {"path":"/home/wesley/Documents/projetos driven/movieon-projeto-final/movieon-back/src/app.ts","statementMap":{"0":{"start":{"line":1,"column":0},"end":{"line":1,"column":30}},"1":{"start":{"line":2,"column":0},"end":{"line":2,"column":24}},"2":{"start":{"line":3,"column":0},"end":{"line":3,"column":46}},"3":{"start":{"line":4,"column":0},"end":{"line":4,"column":57}},"4":{"start":{"line":5,"column":0},"end":{"line":5,"column":86}},"5":{"start":{"line":6,"column":0},"end":{"line":6,"column":74}},"6":{"start":{"line":8,"column":0},"end":{"line":8,"column":12}},"7":{"start":{"line":9,"column":12},"end":{"line":9,"column":21}},"8":{"start":{"line":10,"column":0},"end":{"line":16,"column":42}},"9":{"start":{"line":13,"column":34},"end":{"line":13,"column":53}},"10":{"start":{"line":13,"column":36},"end":{"line":13,"column":51}},"11":{"start":{"line":18,"column":0},"end":{"line":18,"column":19}}},"fnMap":{"0":{"name":"(anonymous_8)","decl":{"start":{"line":13,"column":14},"end":{"line":13,"column":21}},"loc":{"start":{"line":13,"column":34},"end":{"line":13,"column":53}}},"1":{"name":"(anonymous_9)","decl":{"start":{"line":13,"column":34},"end":{"line":13,"column":36}},"loc":{"start":{"line":13,"column":34},"end":{"line":13,"column":52}}}},"branchMap":{},"s":{"0":3,"1":3,"2":3,"3":3,"4":3,"5":3,"6":3,"7":3,"8":3,"9":0,"10":0,"11":3},"f":{"0":0,"1":0},"b":{}}
,"/home/wesley/Documents/projetos driven/movieon-projeto-final/movieon-back/src/config/database.ts": {"path":"/home/wesley/Documents/projetos driven/movieon-projeto-final/movieon-back/src/config/database.ts","statementMap":{"0":{"start":{"line":2,"column":0},"end":{"line":2,"column":46}},"1":{"start":{"line":7,"column":4},"end":{"line":7,"column":39}},"2":{"start":{"line":6,"column":0},"end":{"line":6,"column":16}}},"fnMap":{"0":{"name":"connectDb","decl":{"start":{"line":6,"column":16},"end":{"line":6,"column":25}},"loc":{"start":{"line":6,"column":25},"end":{"line":8,"column":1}}}},"branchMap":{},"s":{"0":3,"1":6,"2":3},"f":{"0":6},"b":{}}
,"/home/wesley/Documents/projetos driven/movieon-projeto-final/movieon-back/src/errors/duplicatedEmailError.ts": {"path":"/home/wesley/Documents/projetos driven/movieon-projeto-final/movieon-back/src/errors/duplicatedEmailError.ts","statementMap":{"0":{"start":{"line":4,"column":4},"end":{"line":7,"column":6}},"1":{"start":{"line":3,"column":0},"end":{"line":3,"column":16}}},"fnMap":{"0":{"name":"duplicatedEmailError","decl":{"start":{"line":3,"column":16},"end":{"line":3,"column":36}},"loc":{"start":{"line":3,"column":36},"end":{"line":8,"column":1}}}},"branchMap":{},"s":{"0":0,"1":3},"f":{"0":0},"b":{}}
,"/home/wesley/Documents/projetos driven/movieon-projeto-final/movieon-back/src/errors/hasNoEnrollmentError.ts": {"path":"/home/wesley/Documents/projetos driven/movieon-projeto-final/movieon-back/src/errors/hasNoEnrollmentError.ts","statementMap":{"0":{"start":{"line":4,"column":4},"end":{"line":7,"column":6}},"1":{"start":{"line":3,"column":0},"end":{"line":3,"column":16}}},"fnMap":{"0":{"name":"hasNoEnrollmentError","decl":{"start":{"line":3,"column":16},"end":{"line":3,"column":36}},"loc":{"start":{"line":3,"column":36},"end":{"line":8,"column":1}}}},"branchMap":{},"s":{"0":0,"1":3},"f":{"0":0},"b":{}}
,"/home/wesley/Documents/projetos driven/movieon-projeto-final/movieon-back/src/errors/invalidBirthdayDateError.ts": {"path":"/home/wesley/Documents/projetos driven/movieon-projeto-final/movieon-back/src/errors/invalidBirthdayDateError.ts","statementMap":{"0":{"start":{"line":4,"column":4},"end":{"line":7,"column":6}},"1":{"start":{"line":3,"column":0},"end":{"line":3,"column":16}}},"fnMap":{"0":{"name":"invalidBirthdayDateError","decl":{"start":{"line":3,"column":16},"end":{"line":3,"column":40}},"loc":{"start":{"line":3,"column":40},"end":{"line":8,"column":1}}}},"branchMap":{},"s":{"0":0,"1":3},"f":{"0":0},"b":{}}
,"/home/wesley/Documents/projetos driven/movieon-projeto-final/movieon-back/src/errors/invalidEmailOrPasswordError.ts": {"path":"/home/wesley/Documents/projetos driven/movieon-projeto-final/movieon-back/src/errors/invalidEmailOrPasswordError.ts","statementMap":{"0":{"start":{"line":4,"column":4},"end":{"line":7,"column":6}},"1":{"start":{"line":3,"column":0},"end":{"line":3,"column":16}}},"fnMap":{"0":{"name":"invalidEmailOrPasswordError","decl":{"start":{"line":3,"column":16},"end":{"line":3,"column":43}},"loc":{"start":{"line":3,"column":43},"end":{"line":8,"column":1}}}},"branchMap":{},"s":{"0":0,"1":3},"f":{"0":0},"b":{}}
,"/home/wesley/Documents/projetos driven/movieon-projeto-final/movieon-back/src/errors/invalidPasswordFormatError.ts": {"path":"/home/wesley/Documents/projetos driven/movieon-projeto-final/movieon-back/src/errors/invalidPasswordFormatError.ts","statementMap":{"0":{"start":{"line":4,"column":4},"end":{"line":7,"column":6}},"1":{"start":{"line":3,"column":0},"end":{"line":3,"column":16}}},"fnMap":{"0":{"name":"invalidPasswordFormatError","decl":{"start":{"line":3,"column":16},"end":{"line":3,"column":42}},"loc":{"start":{"line":3,"column":42},"end":{"line":8,"column":1}}}},"branchMap":{},"s":{"0":0,"1":3},"f":{"0":0},"b":{}}
,"/home/wesley/Documents/projetos driven/movieon-projeto-final/movieon-back/src/errors/unauthorizedError.ts": {"path":"/home/wesley/Documents/projetos driven/movieon-projeto-final/movieon-back/src/errors/unauthorizedError.ts","statementMap":{"0":{"start":{"line":4,"column":4},"end":{"line":7,"column":6}},"1":{"start":{"line":3,"column":0},"end":{"line":3,"column":16}}},"fnMap":{"0":{"name":"unauthorizedError","decl":{"start":{"line":3,"column":16},"end":{"line":3,"column":33}},"loc":{"start":{"line":3,"column":33},"end":{"line":8,"column":1}}}},"branchMap":{},"s":{"0":0,"1":3},"f":{"0":0},"b":{}}
,"/home/wesley/Documents/projetos driven/movieon-projeto-final/movieon-back/src/middleware/authenticationMiddleware.ts": {"path":"/home/wesley/Documents/projetos driven/movieon-projeto-final/movieon-back/src/middleware/authenticationMiddleware.ts","statementMap":{"0":{"start":{"line":2,"column":0},"end":{"line":2,"column":37}},"1":{"start":{"line":3,"column":0},"end":{"line":3,"column":36}},"2":{"start":{"line":4,"column":0},"end":{"line":4,"column":44}},"3":{"start":{"line":5,"column":0},"end":{"line":5,"column":64}},"4":{"start":{"line":8,"column":23},"end":{"line":8,"column":50}},"5":{"start":{"line":9,"column":4},"end":{"line":11,"column":null}},"6":{"start":{"line":10,"column":8},"end":{"line":10,"column":49}},"7":{"start":{"line":13,"column":18},"end":{"line":13,"column":42}},"8":{"start":{"line":14,"column":4},"end":{"line":16,"column":null}},"9":{"start":{"line":15,"column":8},"end":{"line":15,"column":49}},"10":{"start":{"line":17,"column":4},"end":{"line":32,"column":null}},"11":{"start":{"line":18,"column":27},"end":{"line":18,"column":82}},"12":{"start":{"line":19,"column":24},"end":{"line":23,"column":10}},"13":{"start":{"line":25,"column":8},"end":{"line":27,"column":null}},"14":{"start":{"line":26,"column":12},"end":{"line":26,"column":53}},"15":{"start":{"line":28,"column":8},"end":{"line":28,"column":28}},"16":{"start":{"line":29,"column":8},"end":{"line":29,"column":22}},"17":{"start":{"line":31,"column":8},"end":{"line":31,"column":49}},"18":{"start":{"line":7,"column":0},"end":{"line":7,"column":22}},"19":{"start":{"line":36,"column":4},"end":{"line":36,"column":66}}},"fnMap":{"0":{"name":"authenticateTokenMiddleware","decl":{"start":{"line":7,"column":22},"end":{"line":7,"column":49}},"loc":{"start":{"line":7,"column":110},"end":{"line":33,"column":null}}},"1":{"name":"generateUnauthorizedResponse","decl":{"start":{"line":35,"column":9},"end":{"line":35,"column":37}},"loc":{"start":{"line":35,"column":51},"end":{"line":37,"column":1}}}},"branchMap":{"0":{"loc":{"start":{"line":9,"column":4},"end":{"line":11,"column":null}},"type":"if","locations":[{"start":{"line":9,"column":4},"end":{"line":11,"column":null}}]},"1":{"loc":{"start":{"line":14,"column":4},"end":{"line":16,"column":null}},"type":"if","locations":[{"start":{"line":14,"column":4},"end":{"line":16,"column":null}}]},"2":{"loc":{"start":{"line":25,"column":8},"end":{"line":27,"column":null}},"type":"if","locations":[{"start":{"line":25,"column":8},"end":{"line":27,"column":null}}]}},"s":{"0":3,"1":3,"2":3,"3":3,"4":0,"5":0,"6":0,"7":0,"8":0,"9":0,"10":0,"11":0,"12":0,"13":0,"14":0,"15":0,"16":0,"17":0,"18":3,"19":0},"f":{"0":0,"1":0},"b":{"0":[0],"1":[0],"2":[0]}}
,"/home/wesley/Documents/projetos driven/movieon-projeto-final/movieon-back/src/modules/authentication/authentication.controller.ts": {"path":"/home/wesley/Documents/projetos driven/movieon-projeto-final/movieon-back/src/modules/authentication/authentication.controller.ts","statementMap":{"0":{"start":{"line":2,"column":0},"end":{"line":2,"column":37}},"1":{"start":{"line":3,"column":0},"end":{"line":3,"column":56}},"2":{"start":{"line":5,"column":0},"end":{"line":5,"column":50}},"3":{"start":{"line":6,"column":0},"end":{"line":6,"column":65}},"4":{"start":{"line":9,"column":15},"end":{"line":9,"column":35}},"5":{"start":{"line":11,"column":27},"end":{"line":11,"column":75}},"6":{"start":{"line":12,"column":4},"end":{"line":12,"column":107}},"7":{"start":{"line":12,"column":30},"end":{"line":12,"column":107}},"8":{"start":{"line":13,"column":4},"end":{"line":16,"column":6}},"9":{"start":{"line":18,"column":4},"end":{"line":26,"column":null}},"10":{"start":{"line":19,"column":23},"end":{"line":19,"column":63}},"11":{"start":{"line":20,"column":8},"end":{"line":20,"column":72}},"12":{"start":{"line":22,"column":8},"end":{"line":24,"column":null}},"13":{"start":{"line":23,"column":12},"end":{"line":23,"column":67}},"14":{"start":{"line":25,"column":8},"end":{"line":25,"column":64}},"15":{"start":{"line":8,"column":0},"end":{"line":8,"column":22}}},"fnMap":{"0":{"name":"signIn","decl":{"start":{"line":8,"column":22},"end":{"line":8,"column":28}},"loc":{"start":{"line":8,"column":56},"end":{"line":27,"column":null}}}},"branchMap":{"0":{"loc":{"start":{"line":12,"column":4},"end":{"line":12,"column":107}},"type":"if","locations":[{"start":{"line":12,"column":4},"end":{"line":12,"column":107}}]},"1":{"loc":{"start":{"line":22,"column":8},"end":{"line":24,"column":null}},"type":"if","locations":[{"start":{"line":22,"column":8},"end":{"line":24,"column":null}}]}},"s":{"0":3,"1":3,"2":3,"3":3,"4":0,"5":0,"6":0,"7":0,"8":0,"9":0,"10":0,"11":0,"12":0,"13":0,"14":0,"15":3},"f":{"0":0},"b":{"0":[0],"1":[0]}}
,"/home/wesley/Documents/projetos driven/movieon-projeto-final/movieon-back/src/modules/authentication/authentication.router.ts": {"path":"/home/wesley/Documents/projetos driven/movieon-projeto-final/movieon-back/src/modules/authentication/authentication.router.ts","statementMap":{"0":{"start":{"line":1,"column":0},"end":{"line":1,"column":33}},"1":{"start":{"line":3,"column":0},"end":{"line":3,"column":53}},"2":{"start":{"line":5,"column":29},"end":{"line":5,"column":37}},"3":{"start":{"line":9,"column":9},"end":{"line":9,"column":29}},"4":{"start":{"line":7,"column":0},"end":{"line":7,"column":46}}},"fnMap":{},"branchMap":{},"s":{"0":3,"1":3,"2":3,"3":3,"4":3},"f":{},"b":{}}
,"/home/wesley/Documents/projetos driven/movieon-projeto-final/movieon-back/src/modules/authentication/authentication.service.ts": {"path":"/home/wesley/Documents/projetos driven/movieon-projeto-final/movieon-back/src/modules/authentication/authentication.service.ts","statementMap":{"0":{"start":{"line":2,"column":0},"end":{"line":2,"column":28}},"1":{"start":{"line":3,"column":0},"end":{"line":3,"column":31}},"2":{"start":{"line":4,"column":0},"end":{"line":4,"column":87}},"3":{"start":{"line":5,"column":0},"end":{"line":5,"column":78}},"4":{"start":{"line":13,"column":17},"end":{"line":13,"column":50}},"5":{"start":{"line":14,"column":19},"end":{"line":14,"column":26}},"6":{"start":{"line":16,"column":4},"end":{"line":16,"column":49}},"7":{"start":{"line":18,"column":18},"end":{"line":18,"column":72}},"8":{"start":{"line":20,"column":20},"end":{"line":20,"column":72}},"9":{"start":{"line":21,"column":4},"end":{"line":21,"column":19}},"10":{"start":{"line":25,"column":17},"end":{"line":25,"column":56}},"11":{"start":{"line":26,"column":4},"end":{"line":26,"column":51}},"12":{"start":{"line":26,"column":15},"end":{"line":26,"column":51}},"13":{"start":{"line":27,"column":4},"end":{"line":27,"column":16}},"14":{"start":{"line":31,"column":27},"end":{"line":31,"column":76}},"15":{"start":{"line":33,"column":4},"end":{"line":33,"column":60}},"16":{"start":{"line":33,"column":24},"end":{"line":33,"column":60}},"17":{"start":{"line":36,"column":13},"end":{"line":38,"column":2}}},"fnMap":{"0":{"name":"signIn","decl":{"start":{"line":12,"column":15},"end":{"line":12,"column":21}},"loc":{"start":{"line":12,"column":51},"end":{"line":22,"column":null}}},"1":{"name":"getUserByEmailOrFail","decl":{"start":{"line":24,"column":15},"end":{"line":24,"column":35}},"loc":{"start":{"line":24,"column":49},"end":{"line":28,"column":null}}},"2":{"name":"validatePasswordOrFail","decl":{"start":{"line":30,"column":15},"end":{"line":30,"column":37}},"loc":{"start":{"line":30,"column":66},"end":{"line":34,"column":null}}}},"branchMap":{"0":{"loc":{"start":{"line":26,"column":4},"end":{"line":26,"column":51}},"type":"if","locations":[{"start":{"line":26,"column":4},"end":{"line":26,"column":51}}]},"1":{"loc":{"start":{"line":33,"column":4},"end":{"line":33,"column":60}},"type":"if","locations":[{"start":{"line":33,"column":4},"end":{"line":33,"column":60}}]}},"s":{"0":3,"1":3,"2":3,"3":3,"4":0,"5":0,"6":0,"7":0,"8":0,"9":0,"10":0,"11":0,"12":0,"13":0,"14":0,"15":0,"16":0,"17":3},"f":{"0":0,"1":0,"2":0},"b":{"0":[0],"1":[0]}}
,"/home/wesley/Documents/projetos driven/movieon-projeto-final/movieon-back/src/modules/enrollment/enrollment.controller.ts": {"path":"/home/wesley/Documents/projetos driven/movieon-projeto-final/movieon-back/src/modules/enrollment/enrollment.controller.ts","statementMap":{"0":{"start":{"line":2,"column":0},"end":{"line":2,"column":37}},"1":{"start":{"line":4,"column":0},"end":{"line":4,"column":71}},"2":{"start":{"line":5,"column":0},"end":{"line":5,"column":50}},"3":{"start":{"line":6,"column":0},"end":{"line":6,"column":57}},"4":{"start":{"line":10,"column":19},"end":{"line":10,"column":29}},"5":{"start":{"line":11,"column":15},"end":{"line":11,"column":44}},"6":{"start":{"line":13,"column":27},"end":{"line":13,"column":84}},"7":{"start":{"line":14,"column":4},"end":{"line":14,"column":107}},"8":{"start":{"line":14,"column":30},"end":{"line":14,"column":107}},"9":{"start":{"line":16,"column":4},"end":{"line":24,"column":6}},"10":{"start":{"line":25,"column":4},"end":{"line":33,"column":null}},"11":{"start":{"line":26,"column":8},"end":{"line":26,"column":55}},"12":{"start":{"line":27,"column":8},"end":{"line":27,"column":50}},"13":{"start":{"line":29,"column":8},"end":{"line":31,"column":null}},"14":{"start":{"line":30,"column":12},"end":{"line":30,"column":66}},"15":{"start":{"line":32,"column":8},"end":{"line":32,"column":64}},"16":{"start":{"line":9,"column":0},"end":{"line":9,"column":22}},"17":{"start":{"line":37,"column":19},"end":{"line":37,"column":29}},"18":{"start":{"line":39,"column":4},"end":{"line":47,"column":null}},"19":{"start":{"line":40,"column":23},"end":{"line":40,"column":68}},"20":{"start":{"line":41,"column":8},"end":{"line":41,"column":59}},"21":{"start":{"line":43,"column":8},"end":{"line":45,"column":null}},"22":{"start":{"line":44,"column":12},"end":{"line":44,"column":64}},"23":{"start":{"line":46,"column":8},"end":{"line":46,"column":64}},"24":{"start":{"line":36,"column":0},"end":{"line":36,"column":22}}},"fnMap":{"0":{"name":"createEnrollment","decl":{"start":{"line":9,"column":22},"end":{"line":9,"column":38}},"loc":{"start":{"line":9,"column":79},"end":{"line":34,"column":null}}},"1":{"name":"getEnrollment","decl":{"start":{"line":36,"column":22},"end":{"line":36,"column":35}},"loc":{"start":{"line":36,"column":76},"end":{"line":48,"column":null}}}},"branchMap":{"0":{"loc":{"start":{"line":14,"column":4},"end":{"line":14,"column":107}},"type":"if","locations":[{"start":{"line":14,"column":4},"end":{"line":14,"column":107}}]},"1":{"loc":{"start":{"line":29,"column":8},"end":{"line":31,"column":null}},"type":"if","locations":[{"start":{"line":29,"column":8},"end":{"line":31,"column":null}}]},"2":{"loc":{"start":{"line":43,"column":8},"end":{"line":45,"column":null}},"type":"if","locations":[{"start":{"line":43,"column":8},"end":{"line":45,"column":null}}]}},"s":{"0":3,"1":3,"2":3,"3":3,"4":0,"5":0,"6":0,"7":0,"8":0,"9":0,"10":0,"11":0,"12":0,"13":0,"14":0,"15":0,"16":3,"17":0,"18":0,"19":0,"20":0,"21":0,"22":0,"23":0,"24":3},"f":{"0":0,"1":0},"b":{"0":[0],"1":[0],"2":[0]}}
,"/home/wesley/Documents/projetos driven/movieon-projeto-final/movieon-back/src/modules/enrollment/enrollment.router.ts": {"path":"/home/wesley/Documents/projetos driven/movieon-projeto-final/movieon-back/src/modules/enrollment/enrollment.router.ts","statementMap":{"0":{"start":{"line":1,"column":0},"end":{"line":1,"column":33}},"1":{"start":{"line":2,"column":0},"end":{"line":2,"column":88}},"2":{"start":{"line":3,"column":0},"end":{"line":3,"column":74}},"3":{"start":{"line":5,"column":25},"end":{"line":5,"column":33}},"4":{"start":{"line":11,"column":9},"end":{"line":11,"column":25}},"5":{"start":{"line":7,"column":0},"end":{"line":9,"column":58}}},"fnMap":{},"branchMap":{},"s":{"0":3,"1":3,"2":3,"3":3,"4":3,"5":3},"f":{},"b":{}}
,"/home/wesley/Documents/projetos driven/movieon-projeto-final/movieon-back/src/modules/enrollment/enrollment.service.ts": {"path":"/home/wesley/Documents/projetos driven/movieon-projeto-final/movieon-back/src/modules/enrollment/enrollment.service.ts","statementMap":{"0":{"start":{"line":1,"column":0},"end":{"line":1,"column":73}},"1":{"start":{"line":2,"column":0},"end":{"line":2,"column":81}},"2":{"start":{"line":3,"column":0},"end":{"line":3,"column":58}},"3":{"start":{"line":7,"column":4},"end":{"line":7,"column":50}},"4":{"start":{"line":8,"column":4},"end":{"line":8,"column":44}},"5":{"start":{"line":9,"column":4},"end":{"line":9,"column":11}},"6":{"start":{"line":13,"column":23},"end":{"line":13,"column":69}},"7":{"start":{"line":14,"column":4},"end":{"line":14,"column":49}},"8":{"start":{"line":14,"column":20},"end":{"line":14,"column":49}},"9":{"start":{"line":15,"column":4},"end":{"line":15,"column":29}},"10":{"start":{"line":16,"column":4},"end":{"line":16,"column":32}},"11":{"start":{"line":17,"column":4},"end":{"line":17,"column":32}},"12":{"start":{"line":19,"column":4},"end":{"line":19,"column":22}},"13":{"start":{"line":23,"column":4},"end":{"line":23,"column":116}},"14":{"start":{"line":23,"column":83},"end":{"line":23,"column":116}},"15":{"start":{"line":25,"column":18},"end":{"line":25,"column":28}},"16":{"start":{"line":26,"column":14},"end":{"line":26,"column":58}},"17":{"start":{"line":27,"column":14},"end":{"line":27,"column":52}},"18":{"start":{"line":28,"column":4},"end":{"line":30,"column":null}},"19":{"start":{"line":29,"column":8},"end":{"line":29,"column":14}},"20":{"start":{"line":31,"column":4},"end":{"line":31,"column":51}},"21":{"start":{"line":31,"column":18},"end":{"line":31,"column":51}},"22":{"start":{"line":34,"column":13},"end":{"line":37,"column":2}}},"fnMap":{"0":{"name":"createEnrollment","decl":{"start":{"line":6,"column":15},"end":{"line":6,"column":31}},"loc":{"start":{"line":6,"column":55},"end":{"line":10,"column":null}}},"1":{"name":"getEnrollment","decl":{"start":{"line":12,"column":15},"end":{"line":12,"column":28}},"loc":{"start":{"line":12,"column":43},"end":{"line":20,"column":null}}},"2":{"name":"checkValidBirthdayOrFail","decl":{"start":{"line":22,"column":15},"end":{"line":22,"column":39}},"loc":{"start":{"line":22,"column":61},"end":{"line":32,"column":null}}}},"branchMap":{"0":{"loc":{"start":{"line":14,"column":4},"end":{"line":14,"column":49}},"type":"if","locations":[{"start":{"line":14,"column":4},"end":{"line":14,"column":49}}]},"1":{"loc":{"start":{"line":23,"column":4},"end":{"line":23,"column":116}},"type":"if","locations":[{"start":{"line":23,"column":4},"end":{"line":23,"column":116}}]},"2":{"loc":{"start":{"line":23,"column":8},"end":{"line":23,"column":79}},"type":"binary-expr","locations":[{"start":{"line":23,"column":8},"end":{"line":23,"column":46}},{"start":{"line":23,"column":50},"end":{"line":23,"column":79}}]},"3":{"loc":{"start":{"line":28,"column":4},"end":{"line":30,"column":null}},"type":"if","locations":[{"start":{"line":28,"column":4},"end":{"line":30,"column":null}}]},"4":{"loc":{"start":{"line":28,"column":8},"end":{"line":28,"column":66}},"type":"binary-expr","locations":[{"start":{"line":28,"column":8},"end":{"line":28,"column":13}},{"start":{"line":28,"column":18},"end":{"line":28,"column":25}},{"start":{"line":28,"column":29},"end":{"line":28,"column":65}}]},"5":{"loc":{"start":{"line":31,"column":4},"end":{"line":31,"column":51}},"type":"if","locations":[{"start":{"line":31,"column":4},"end":{"line":31,"column":51}}]}},"s":{"0":3,"1":3,"2":3,"3":0,"4":0,"5":0,"6":0,"7":0,"8":0,"9":0,"10":0,"11":0,"12":0,"13":0,"14":0,"15":0,"16":0,"17":0,"18":0,"19":0,"20":0,"21":0,"22":3},"f":{"0":0,"1":0,"2":0},"b":{"0":[0],"1":[0],"2":[0,0],"3":[0],"4":[0,0,0],"5":[0]}}
,"/home/wesley/Documents/projetos driven/movieon-projeto-final/movieon-back/src/modules/users/user.router.ts": {"path":"/home/wesley/Documents/projetos driven/movieon-projeto-final/movieon-back/src/modules/users/user.router.ts","statementMap":{"0":{"start":{"line":1,"column":0},"end":{"line":1,"column":33}},"1":{"start":{"line":2,"column":0},"end":{"line":2,"column":48}},"2":{"start":{"line":4,"column":19},"end":{"line":4,"column":27}},"3":{"start":{"line":8,"column":9},"end":{"line":8,"column":19}},"4":{"start":{"line":6,"column":0},"end":{"line":6,"column":33}}},"fnMap":{},"branchMap":{},"s":{"0":3,"1":3,"2":3,"3":3,"4":3},"f":{},"b":{}}
,"/home/wesley/Documents/projetos driven/movieon-projeto-final/movieon-back/src/modules/users/users.controller.ts": {"path":"/home/wesley/Documents/projetos driven/movieon-projeto-final/movieon-back/src/modules/users/users.controller.ts","statementMap":{"0":{"start":{"line":2,"column":0},"end":{"line":2,"column":37}},"1":{"start":{"line":3,"column":0},"end":{"line":3,"column":59}},"2":{"start":{"line":4,"column":0},"end":{"line":4,"column":50}},"3":{"start":{"line":5,"column":0},"end":{"line":5,"column":46}},"4":{"start":{"line":9,"column":15},"end":{"line":9,"column":38}},"5":{"start":{"line":11,"column":27},"end":{"line":11,"column":78}},"6":{"start":{"line":12,"column":4},"end":{"line":12,"column":107}},"7":{"start":{"line":12,"column":30},"end":{"line":12,"column":107}},"8":{"start":{"line":14,"column":4},"end":{"line":17,"column":6}},"9":{"start":{"line":19,"column":4},"end":{"line":30,"column":null}},"10":{"start":{"line":20,"column":8},"end":{"line":20,"column":43}},"11":{"start":{"line":22,"column":8},"end":{"line":24,"column":null}},"12":{"start":{"line":23,"column":12},"end":{"line":23,"column":63}},"13":{"start":{"line":25,"column":8},"end":{"line":27,"column":null}},"14":{"start":{"line":26,"column":12},"end":{"line":26,"column":66}},"15":{"start":{"line":29,"column":8},"end":{"line":29,"column":64}},"16":{"start":{"line":32,"column":4},"end":{"line":32,"column":31}},"17":{"start":{"line":8,"column":0},"end":{"line":8,"column":22}}},"fnMap":{"0":{"name":"signUpUser","decl":{"start":{"line":8,"column":22},"end":{"line":8,"column":32}},"loc":{"start":{"line":8,"column":60},"end":{"line":33,"column":null}}}},"branchMap":{"0":{"loc":{"start":{"line":12,"column":4},"end":{"line":12,"column":107}},"type":"if","locations":[{"start":{"line":12,"column":4},"end":{"line":12,"column":107}}]},"1":{"loc":{"start":{"line":22,"column":8},"end":{"line":24,"column":null}},"type":"if","locations":[{"start":{"line":22,"column":8},"end":{"line":24,"column":null}}]},"2":{"loc":{"start":{"line":25,"column":8},"end":{"line":27,"column":null}},"type":"if","locations":[{"start":{"line":25,"column":8},"end":{"line":27,"column":null}}]}},"s":{"0":3,"1":3,"2":3,"3":3,"4":0,"5":0,"6":0,"7":0,"8":0,"9":0,"10":0,"11":0,"12":0,"13":0,"14":0,"15":0,"16":0,"17":3},"f":{"0":0},"b":{"0":[0],"1":[0],"2":[0]}}
,"/home/wesley/Documents/projetos driven/movieon-projeto-final/movieon-back/src/modules/users/users.service.ts": {"path":"/home/wesley/Documents/projetos driven/movieon-projeto-final/movieon-back/src/modules/users/users.service.ts","statementMap":{"0":{"start":{"line":1,"column":0},"end":{"line":1,"column":28}},"1":{"start":{"line":2,"column":0},"end":{"line":2,"column":73}},"2":{"start":{"line":3,"column":0},"end":{"line":3,"column":85}},"3":{"start":{"line":4,"column":0},"end":{"line":4,"column":52}},"4":{"start":{"line":5,"column":0},"end":{"line":5,"column":60}},"5":{"start":{"line":9,"column":4},"end":{"line":9,"column":49}},"6":{"start":{"line":10,"column":4},"end":{"line":10,"column":43}},"7":{"start":{"line":12,"column":27},"end":{"line":12,"column":68}},"8":{"start":{"line":13,"column":4},"end":{"line":13,"column":56}},"9":{"start":{"line":17,"column":31},"end":{"line":17,"column":91}},"10":{"start":{"line":18,"column":4},"end":{"line":18,"column":69}},"11":{"start":{"line":18,"column":34},"end":{"line":18,"column":69}},"12":{"start":{"line":22,"column":30},"end":{"line":22,"column":69}},"13":{"start":{"line":23,"column":4},"end":{"line":23,"column":56}},"14":{"start":{"line":23,"column":27},"end":{"line":23,"column":56}},"15":{"start":{"line":26,"column":13},"end":{"line":28,"column":2}}},"fnMap":{"0":{"name":"userSignUp","decl":{"start":{"line":8,"column":15},"end":{"line":8,"column":25}},"loc":{"start":{"line":8,"column":58},"end":{"line":14,"column":null}}},"1":{"name":"validatePasswordFormatOrFail","decl":{"start":{"line":16,"column":15},"end":{"line":16,"column":43}},"loc":{"start":{"line":16,"column":60},"end":{"line":19,"column":null}}},"2":{"name":"validateUniqueEmailOrFail","decl":{"start":{"line":21,"column":15},"end":{"line":21,"column":40}},"loc":{"start":{"line":21,"column":54},"end":{"line":24,"column":null}}}},"branchMap":{"0":{"loc":{"start":{"line":18,"column":4},"end":{"line":18,"column":69}},"type":"if","locations":[{"start":{"line":18,"column":4},"end":{"line":18,"column":69}}]},"1":{"loc":{"start":{"line":23,"column":4},"end":{"line":23,"column":56}},"type":"if","locations":[{"start":{"line":23,"column":4},"end":{"line":23,"column":56}}]}},"s":{"0":3,"1":3,"2":3,"3":3,"4":3,"5":0,"6":0,"7":0,"8":0,"9":0,"10":0,"11":0,"12":0,"13":0,"14":0,"15":3},"f":{"0":0,"1":0,"2":0},"b":{"0":[0],"1":[0]}}
,"/home/wesley/Documents/projetos driven/movieon-projeto-final/movieon-back/src/repositories/authentication.repository.ts": {"path":"/home/wesley/Documents/projetos driven/movieon-projeto-final/movieon-back/src/repositories/authentication.repository.ts","statementMap":{"0":{"start":{"line":1,"column":0},"end":{"line":1,"column":44}},"1":{"start":{"line":4,"column":4},"end":{"line":15,"column":7}},"2":{"start":{"line":18,"column":13},"end":{"line":20,"column":2}}},"fnMap":{"0":{"name":"create","decl":{"start":{"line":3,"column":15},"end":{"line":3,"column":21}},"loc":{"start":{"line":3,"column":51},"end":{"line":16,"column":null}}}},"branchMap":{},"s":{"0":3,"1":0,"2":3},"f":{"0":0},"b":{}}
,"/home/wesley/Documents/projetos driven/movieon-projeto-final/movieon-back/src/repositories/enrollment.repository.ts": {"path":"/home/wesley/Documents/projetos driven/movieon-projeto-final/movieon-back/src/repositories/enrollment.repository.ts","statementMap":{"0":{"start":{"line":1,"column":0},"end":{"line":1,"column":47}},"1":{"start":{"line":4,"column":15},"end":{"line":4,"column":26}},"2":{"start":{"line":15,"column":4},"end":{"line":36,"column":7}},"3":{"start":{"line":40,"column":4},"end":{"line":44,"column":7}},"4":{"start":{"line":47,"column":13},"end":{"line":50,"column":2}}},"fnMap":{"0":{"name":"upsert","decl":{"start":{"line":6,"column":9},"end":{"line":6,"column":15}},"loc":{"start":{"line":14,"column":20},"end":{"line":37,"column":1}}},"1":{"name":"getBuUserId","decl":{"start":{"line":39,"column":9},"end":{"line":39,"column":20}},"loc":{"start":{"line":39,"column":35},"end":{"line":45,"column":1}}}},"branchMap":{},"s":{"0":3,"1":3,"2":0,"3":0,"4":3},"f":{"0":0,"1":0},"b":{}}
,"/home/wesley/Documents/projetos driven/movieon-projeto-final/movieon-back/src/repositories/index.ts": {"path":"/home/wesley/Documents/projetos driven/movieon-projeto-final/movieon-back/src/repositories/index.ts","statementMap":{"0":{"start":{"line":1,"column":0},"end":{"line":1,"column":35}},"1":{"start":{"line":2,"column":0},"end":{"line":2,"column":44}},"2":{"start":{"line":3,"column":0},"end":{"line":3,"column":40}}},"fnMap":{},"branchMap":{},"s":{"0":3,"1":3,"2":3},"f":{},"b":{}}
,"/home/wesley/Documents/projetos driven/movieon-projeto-final/movieon-back/src/repositories/users.repository.ts": {"path":"/home/wesley/Documents/projetos driven/movieon-projeto-final/movieon-back/src/repositories/users.repository.ts","statementMap":{"0":{"start":{"line":1,"column":0},"end":{"line":1,"column":44}},"1":{"start":{"line":4,"column":4},"end":{"line":6,"column":7}},"2":{"start":{"line":10,"column":4},"end":{"line":15,"column":7}},"3":{"start":{"line":18,"column":13},"end":{"line":21,"column":2}}},"fnMap":{"0":{"name":"findByEmail","decl":{"start":{"line":3,"column":9},"end":{"line":3,"column":20}},"loc":{"start":{"line":3,"column":34},"end":{"line":7,"column":1}}},"1":{"name":"create","decl":{"start":{"line":9,"column":9},"end":{"line":9,"column":15}},"loc":{"start":{"line":9,"column":53},"end":{"line":16,"column":1}}}},"branchMap":{},"s":{"0":3,"1":0,"2":0,"3":3},"f":{"0":0,"1":0},"b":{}}
,"/home/wesley/Documents/projetos driven/movieon-projeto-final/movieon-back/src/schemas/enrollment.schemas.ts": {"path":"/home/wesley/Documents/projetos driven/movieon-projeto-final/movieon-back/src/schemas/enrollment.schemas.ts","statementMap":{"0":{"start":{"line":1,"column":0},"end":{"line":1,"column":22}},"1":{"start":{"line":3,"column":13},"end":{"line":10,"column":3}}},"fnMap":{},"branchMap":{},"s":{"0":3,"1":3},"f":{},"b":{}}
,"/home/wesley/Documents/projetos driven/movieon-projeto-final/movieon-back/src/schemas/user.schemas.ts": {"path":"/home/wesley/Documents/projetos driven/movieon-projeto-final/movieon-back/src/schemas/user.schemas.ts","statementMap":{"0":{"start":{"line":1,"column":0},"end":{"line":1,"column":22}},"1":{"start":{"line":3,"column":13},"end":{"line":6,"column":3}},"2":{"start":{"line":8,"column":13},"end":{"line":8,"column":40}},"3":{"start":{"line":10,"column":13},"end":{"line":17,"column":3}}},"fnMap":{},"branchMap":{},"s":{"0":3,"1":3,"2":3,"3":3},"f":{},"b":{}}
,"/home/wesley/Documents/projetos driven/movieon-projeto-final/movieon-back/src/utils/cleanText.ts": {"path":"/home/wesley/Documents/projetos driven/movieon-projeto-final/movieon-back/src/utils/cleanText.ts","statementMap":{"0":{"start":{"line":2,"column":22},"end":{"line":2,"column":57}},"1":{"start":{"line":3,"column":4},"end":{"line":3,"column":21}},"2":{"start":{"line":1,"column":0},"end":{"line":1,"column":16}}},"fnMap":{"0":{"name":"cleanText","decl":{"start":{"line":1,"column":16},"end":{"line":1,"column":25}},"loc":{"start":{"line":1,"column":38},"end":{"line":4,"column":1}}}},"branchMap":{},"s":{"0":0,"1":0,"2":3},"f":{"0":0},"b":{}}
,"/home/wesley/Documents/projetos driven/movieon-projeto-final/movieon-back/tests/factories/enrollment.factory.ts": {"path":"/home/wesley/Documents/projetos driven/movieon-projeto-final/movieon-back/tests/factories/enrollment.factory.ts","statementMap":{"0":{"start":{"line":1,"column":0},"end":{"line":1,"column":51}},"1":{"start":{"line":2,"column":0},"end":{"line":2,"column":31}},"2":{"start":{"line":3,"column":0},"end":{"line":3,"column":40}},"3":{"start":{"line":7,"column":19},"end":{"line":7,"column":26}},"4":{"start":{"line":8,"column":18},"end":{"line":8,"column":72}},"5":{"start":{"line":10,"column":4},"end":{"line":15,"column":7}},"6":{"start":{"line":6,"column":0},"end":{"line":6,"column":22}},"7":{"start":{"line":28,"column":4},"end":{"line":35,"column":6}},"8":{"start":{"line":27,"column":0},"end":{"line":27,"column":16}},"9":{"start":{"line":39,"column":17},"end":{"line":39,"column":47}},"10":{"start":{"line":40,"column":4},"end":{"line":50,"column":7}},"11":{"start":{"line":38,"column":0},"end":{"line":38,"column":22}}},"fnMap":{"0":{"name":"generateValidSession","decl":{"start":{"line":6,"column":22},"end":{"line":6,"column":42}},"loc":{"start":{"line":6,"column":53},"end":{"line":16,"column":null}}},"1":{"name":"generateValidErollmentBody","decl":{"start":{"line":27,"column":16},"end":{"line":27,"column":42}},"loc":{"start":{"line":27,"column":96},"end":{"line":36,"column":1}}},"2":{"name":"generateEnrollment","decl":{"start":{"line":38,"column":22},"end":{"line":38,"column":40}},"loc":{"start":{"line":38,"column":55},"end":{"line":51,"column":null}}}},"branchMap":{"0":{"loc":{"start":{"line":27,"column":45},"end":{"line":27,"column":78}},"type":"default-arg","locations":[{"start":{"line":27,"column":55},"end":{"line":27,"column":77}}]}},"s":{"0":1,"1":1,"2":1,"3":0,"4":0,"5":0,"6":1,"7":0,"8":1,"9":0,"10":0,"11":1},"f":{"0":0,"1":0,"2":0},"b":{"0":[0]}}
,"/home/wesley/Documents/projetos driven/movieon-projeto-final/movieon-back/tests/factories/users.factory.ts": {"path":"/home/wesley/Documents/projetos driven/movieon-projeto-final/movieon-back/tests/factories/users.factory.ts","statementMap":{"0":{"start":{"line":1,"column":0},"end":{"line":1,"column":51}},"1":{"start":{"line":2,"column":0},"end":{"line":2,"column":28}},"2":{"start":{"line":5,"column":27},"end":{"line":5,"column":73}},"3":{"start":{"line":6,"column":4},"end":{"line":11,"column":7}},"4":{"start":{"line":4,"column":0},"end":{"line":4,"column":22}}},"fnMap":{"0":{"name":"createUser","decl":{"start":{"line":4,"column":22},"end":{"line":4,"column":32}},"loc":{"start":{"line":4,"column":89},"end":{"line":12,"column":null}}}},"branchMap":{"0":{"loc":{"start":{"line":4,"column":33},"end":{"line":4,"column":89}},"type":"default-arg","locations":[{"start":{"line":4,"column":38},"end":{"line":4,"column":89}}]}},"s":{"0":3,"1":3,"2":0,"3":0,"4":3},"f":{"0":0},"b":{"0":[0]}}
,"/home/wesley/Documents/projetos driven/movieon-projeto-final/movieon-back/tests/helpers/index.ts": {"path":"/home/wesley/Documents/projetos driven/movieon-projeto-final/movieon-back/tests/helpers/index.ts","statementMap":{"0":{"start":{"line":4,"column":4},"end":{"line":4,"column":40}},"1":{"start":{"line":5,"column":4},"end":{"line":5,"column":43}},"2":{"start":{"line":6,"column":4},"end":{"line":6,"column":37}},"3":{"start":{"line":3,"column":0},"end":{"line":3,"column":22}}},"fnMap":{"0":{"name":"cleanDb","decl":{"start":{"line":3,"column":22},"end":{"line":3,"column":29}},"loc":{"start":{"line":3,"column":50},"end":{"line":7,"column":null}}}},"branchMap":{},"s":{"0":28,"1":0,"2":0,"3":3},"f":{"0":28},"b":{}}
}
