TN:
SF:src/app.ts
FN:13,(anonymous_8)
FN:13,(anonymous_9)
FNF:2
FNH:0
FNDA:0,(anonymous_8)
FNDA:0,(anonymous_9)
DA:1,3
DA:2,3
DA:3,3
DA:4,3
DA:5,3
DA:6,3
DA:8,3
DA:9,3
DA:10,3
DA:13,0
DA:18,3
LF:11
LH:10
BRF:0
BRH:0
end_of_record
TN:
SF:src/config/database.ts
FN:6,connectDb
FNF:1
FNH:1
FNDA:6,connectDb
DA:2,3
DA:6,3
DA:7,6
LF:3
LH:3
BRF:0
BRH:0
end_of_record
TN:
SF:src/errors/duplicatedEmailError.ts
FN:3,duplicatedEmailError
FNF:1
FNH:0
FNDA:0,duplicatedEmailError
DA:3,3
DA:4,0
LF:2
LH:1
BRF:0
BRH:0
end_of_record
TN:
SF:src/errors/hasNoEnrollmentError.ts
FN:3,hasNoEnrollmentError
FNF:1
FNH:0
FNDA:0,hasNoEnrollmentError
DA:3,3
DA:4,0
LF:2
LH:1
BRF:0
BRH:0
end_of_record
TN:
SF:src/errors/invalidBirthdayDateError.ts
FN:3,invalidBirthdayDateError
FNF:1
FNH:0
FNDA:0,invalidBirthdayDateError
DA:3,3
DA:4,0
LF:2
LH:1
BRF:0
BRH:0
end_of_record
TN:
SF:src/errors/invalidEmailOrPasswordError.ts
FN:3,invalidEmailOrPasswordError
FNF:1
FNH:0
FNDA:0,invalidEmailOrPasswordError
DA:3,3
DA:4,0
LF:2
LH:1
BRF:0
BRH:0
end_of_record
TN:
SF:src/errors/invalidPasswordFormatError.ts
FN:3,invalidPasswordFormatError
FNF:1
FNH:0
FNDA:0,invalidPasswordFormatError
DA:3,3
DA:4,0
LF:2
LH:1
BRF:0
BRH:0
end_of_record
TN:
SF:src/errors/unauthorizedError.ts
FN:3,unauthorizedError
FNF:1
FNH:0
FNDA:0,unauthorizedError
DA:3,3
DA:4,0
LF:2
LH:1
BRF:0
BRH:0
end_of_record
TN:
SF:src/middleware/authenticationMiddleware.ts
FN:7,authenticateTokenMiddleware
FN:35,generateUnauthorizedResponse
FNF:2
FNH:0
FNDA:0,authenticateTokenMiddleware
FNDA:0,generateUnauthorizedResponse
DA:2,3
DA:3,3
DA:4,3
DA:5,3
DA:7,3
DA:8,0
DA:9,0
DA:10,0
DA:13,0
DA:14,0
DA:15,0
DA:17,0
DA:18,0
DA:19,0
DA:25,0
DA:26,0
DA:28,0
DA:29,0
DA:31,0
DA:36,0
LF:20
LH:5
BRDA:9,0,0,0
BRDA:14,1,0,0
BRDA:25,2,0,0
BRF:3
BRH:0
end_of_record
TN:
SF:src/modules/authentication/authentication.controller.ts
FN:8,signIn
FNF:1
FNH:0
FNDA:0,signIn
DA:2,3
DA:3,3
DA:5,3
DA:6,3
DA:8,3
DA:9,0
DA:11,0
DA:12,0
DA:13,0
DA:18,0
DA:19,0
DA:20,0
DA:22,0
DA:23,0
DA:25,0
LF:15
LH:5
BRDA:12,0,0,0
BRDA:22,1,0,0
BRF:2
BRH:0
end_of_record
TN:
SF:src/modules/authentication/authentication.router.ts
FNF:0
FNH:0
DA:1,3
DA:3,3
DA:5,3
DA:7,3
DA:9,3
LF:5
LH:5
BRF:0
BRH:0
end_of_record
TN:
SF:src/modules/authentication/authentication.service.ts
FN:12,signIn
FN:24,getUserByEmailOrFail
FN:30,validatePasswordOrFail
FNF:3
FNH:0
FNDA:0,signIn
FNDA:0,getUserByEmailOrFail
FNDA:0,validatePasswordOrFail
DA:2,3
DA:3,3
DA:4,3
DA:5,3
DA:13,0
DA:14,0
DA:16,0
DA:18,0
DA:20,0
DA:21,0
DA:25,0
DA:26,0
DA:27,0
DA:31,0
DA:33,0
DA:36,3
LF:16
LH:5
BRDA:26,0,0,0
BRDA:33,1,0,0
BRF:2
BRH:0
end_of_record
TN:
SF:src/modules/enrollment/enrollment.controller.ts
FN:9,createEnrollment
FN:36,getEnrollment
FNF:2
FNH:0
FNDA:0,createEnrollment
FNDA:0,getEnrollment
DA:2,3
DA:4,3
DA:5,3
DA:6,3
DA:9,3
DA:10,0
DA:11,0
DA:13,0
DA:14,0
DA:16,0
DA:25,0
DA:26,0
DA:27,0
DA:29,0
DA:30,0
DA:32,0
DA:36,3
DA:37,0
DA:39,0
DA:40,0
DA:41,0
DA:43,0
DA:44,0
DA:46,0
LF:24
LH:6
BRDA:14,0,0,0
BRDA:29,1,0,0
BRDA:43,2,0,0
BRF:3
BRH:0
end_of_record
TN:
SF:src/modules/enrollment/enrollment.router.ts
FNF:0
FNH:0
DA:1,3
DA:2,3
DA:3,3
DA:5,3
DA:7,3
DA:11,3
LF:6
LH:6
BRF:0
BRH:0
end_of_record
TN:
SF:src/modules/enrollment/enrollment.service.ts
FN:6,createEnrollment
FN:12,getEnrollment
FN:22,checkValidBirthdayOrFail
FNF:3
FNH:0
FNDA:0,createEnrollment
FNDA:0,getEnrollment
FNDA:0,checkValidBirthdayOrFail
DA:1,3
DA:2,3
DA:3,3
DA:7,0
DA:8,0
DA:9,0
DA:13,0
DA:14,0
DA:15,0
DA:16,0
DA:17,0
DA:19,0
DA:23,0
DA:25,0
DA:26,0
DA:27,0
DA:28,0
DA:29,0
DA:31,0
DA:34,3
LF:20
LH:4
BRDA:14,0,0,0
BRDA:23,1,0,0
BRDA:23,2,0,0
BRDA:23,2,1,0
BRDA:28,3,0,0
BRDA:28,4,0,0
BRDA:28,4,1,0
BRDA:28,4,2,0
BRDA:31,5,0,0
BRF:9
BRH:0
end_of_record
TN:
SF:src/modules/users/user.router.ts
FNF:0
FNH:0
DA:1,3
DA:2,3
DA:4,3
DA:6,3
DA:8,3
LF:5
LH:5
BRF:0
BRH:0
end_of_record
TN:
SF:src/modules/users/users.controller.ts
FN:8,signUpUser
FNF:1
FNH:0
FNDA:0,signUpUser
DA:2,3
DA:3,3
DA:4,3
DA:5,3
DA:8,3
DA:9,0
DA:11,0
DA:12,0
DA:14,0
DA:19,0
DA:20,0
DA:22,0
DA:23,0
DA:25,0
DA:26,0
DA:29,0
DA:32,0
LF:17
LH:5
BRDA:12,0,0,0
BRDA:22,1,0,0
BRDA:25,2,0,0
BRF:3
BRH:0
end_of_record
TN:
SF:src/modules/users/users.service.ts
FN:8,userSignUp
FN:16,validatePasswordFormatOrFail
FN:21,validateUniqueEmailOrFail
FNF:3
FNH:0
FNDA:0,userSignUp
FNDA:0,validatePasswordFormatOrFail
FNDA:0,validateUniqueEmailOrFail
DA:1,3
DA:2,3
DA:3,3
DA:4,3
DA:5,3
DA:9,0
DA:10,0
DA:12,0
DA:13,0
DA:17,0
DA:18,0
DA:22,0
DA:23,0
DA:26,3
LF:14
LH:6
BRDA:18,0,0,0
BRDA:23,1,0,0
BRF:2
BRH:0
end_of_record
TN:
SF:src/repositories/authentication.repository.ts
FN:3,create
FNF:1
FNH:0
FNDA:0,create
DA:1,3
DA:4,0
DA:18,3
LF:3
LH:2
BRF:0
BRH:0
end_of_record
TN:
SF:src/repositories/enrollment.repository.ts
FN:6,upsert
FN:39,getBuUserId
FNF:2
FNH:0
FNDA:0,upsert
FNDA:0,getBuUserId
DA:1,3
DA:4,3
DA:15,0
DA:40,0
DA:47,3
LF:5
LH:3
BRF:0
BRH:0
end_of_record
TN:
SF:src/repositories/index.ts
FNF:0
FNH:0
DA:1,3
DA:2,3
DA:3,3
LF:3
LH:3
BRF:0
BRH:0
end_of_record
TN:
SF:src/repositories/users.repository.ts
FN:3,findByEmail
FN:9,create
FNF:2
FNH:0
FNDA:0,findByEmail
FNDA:0,create
DA:1,3
DA:4,0
DA:10,0
DA:18,3
LF:4
LH:2
BRF:0
BRH:0
end_of_record
TN:
SF:src/schemas/enrollment.schemas.ts
FNF:0
FNH:0
DA:1,3
DA:3,3
LF:2
LH:2
BRF:0
BRH:0
end_of_record
TN:
SF:src/schemas/user.schemas.ts
FNF:0
FNH:0
DA:1,3
DA:3,3
DA:8,3
DA:10,3
LF:4
LH:4
BRF:0
BRH:0
end_of_record
TN:
SF:src/utils/cleanText.ts
FN:1,cleanText
FNF:1
FNH:0
FNDA:0,cleanText
DA:1,3
DA:2,0
DA:3,0
LF:3
LH:1
BRF:0
BRH:0
end_of_record
TN:
SF:tests/factories/enrollment.factory.ts
FN:6,generateValidSession
FN:27,generateValidErollmentBody
FN:38,generateEnrollment
FNF:3
FNH:0
FNDA:0,generateValidSession
FNDA:0,generateValidErollmentBody
FNDA:0,generateEnrollment
DA:1,1
DA:2,1
DA:3,1
DA:6,1
DA:7,0
DA:8,0
DA:10,0
DA:27,1
DA:28,0
DA:38,1
DA:39,0
DA:40,0
LF:12
LH:6
BRDA:27,0,0,0
BRF:1
BRH:0
end_of_record
TN:
SF:tests/factories/users.factory.ts
FN:4,createUser
FNF:1
FNH:0
FNDA:0,createUser
DA:1,3
DA:2,3
DA:4,3
DA:5,0
DA:6,0
LF:5
LH:3
BRDA:4,0,0,0
BRF:1
BRH:0
end_of_record
TN:
SF:tests/helpers/index.ts
FN:3,cleanDb
FNF:1
FNH:1
FNDA:28,cleanDb
DA:3,3
DA:4,28
DA:5,0
DA:6,0
LF:4
LH:2
BRF:0
BRH:0
end_of_record
